<?xml version="1.0" encoding="UTF-8"?>
<!-- Generated by org.testng.reporters.JUnitXMLReporter -->
<testsuite ignored="0" hostname="Abdallahs-MacBook-Air.local" failures="5" tests="7" name="Surefire test" time="75.287" errors="0" timestamp="2025-11-30T23:05:10 EET">
  <testcase classname="com.company.cartify.tests.CartPageTest" name="testCartPageLoadsSuccessfully" time="5.812"/>
  <testcase classname="com.company.cartify.tests.CartPageTest" name="testEmptyCartDisplaysMessage" time="5.03">
    <failure type="java.lang.AssertionError" message="Cart should be empty expected [true] but found [false]">
      <![CDATA[java.lang.AssertionError: Cart should be empty expected [true] but found [false]
at com.company.cartify.tests.CartPageTest.testEmptyCartDisplaysMessage(CartPageTest.java:84)
at java.base/java.util.ArrayList.forEach(ArrayList.java:1604)
... Removed 33 stack frames]]>
    </failure>
  </testcase> <!-- testEmptyCartDisplaysMessage -->
  <testcase classname="com.company.cartify.tests.CartPageTest" name="testStartShoppingRedirectsToProducts" time="5.064">
    <failure type="java.lang.AssertionError" message="Cart must be empty for this test expected [true] but found [false]">
      <![CDATA[java.lang.AssertionError: Cart must be empty for this test expected [true] but found [false]
at com.company.cartify.tests.CartPageTest.testStartShoppingRedirectsToProducts(CartPageTest.java:107)
at java.base/java.util.ArrayList.forEach(ArrayList.java:1604)
... Removed 33 stack frames]]>
    </failure>
  </testcase> <!-- testStartShoppingRedirectsToProducts -->
  <testcase classname="com.company.cartify.tests.CartPageTest" name="testUnableToAddProductToCart" time="5.025">
    <failure type="java.lang.AssertionError" message="Products page should load expected [true] but found [false]">
      <![CDATA[java.lang.AssertionError: Products page should load expected [true] but found [false]
at com.company.cartify.tests.CartPageTest.testUnableToAddProductToCart(CartPageTest.java:136)
at java.base/java.util.ArrayList.forEach(ArrayList.java:1604)
... Removed 33 stack frames]]>
    </failure>
  </testcase> <!-- testUnableToAddProductToCart -->
  <testcase classname="com.company.cartify.tests.CartPageTest" name="testCartShowsCorrectItemCount" time="15.158"/>
  <testcase classname="com.company.cartify.tests.CartPageTest" name="testProceedToCheckoutButton" time="10.537">
    <failure type="java.lang.AssertionError" message="User should be redirected to Checkout Page expected [true] but found [false]">
      <![CDATA[java.lang.AssertionError: User should be redirected to Checkout Page expected [true] but found [false]
at com.company.cartify.tests.CartPageTest.testProceedToCheckoutButton(CartPageTest.java:232)
at java.base/java.util.ArrayList.forEach(ArrayList.java:1604)
... Removed 33 stack frames]]>
    </failure>
  </testcase> <!-- testProceedToCheckoutButton -->
  <testcase classname="com.company.cartify.tests.CartPageTest" name="testContinueShoppingButton" time="20.735">
    <failure type="java.lang.AssertionError" message="User should be redirected to Products Page expected [true] but found [false]">
      <![CDATA[java.lang.AssertionError: User should be redirected to Products Page expected [true] but found [false]
at com.company.cartify.tests.CartPageTest.testContinueShoppingButton(CartPageTest.java:261)
at java.base/java.util.ArrayList.forEach(ArrayList.java:1604)
... Removed 33 stack frames]]>
    </failure>
  </testcase> <!-- testContinueShoppingButton -->
</testsuite> <!-- Surefire test -->
