<?xml version="1.0" encoding="UTF-8"?>
<!-- Generated by org.testng.reporters.JUnitXMLReporter -->
<testsuite ignored="0" hostname="Abdallahs-MacBook-Air.local" failures="3" tests="15" name="All Tests" time="85.974" errors="0" timestamp="2025-11-22T02:52:12 EET">
  <testcase classname="com.cartify.tests.ProfileTest" name="@BeforeMethod setUpPage" time="3.454">
    <failure type="org.openqa.selenium.ElementClickInterceptedException" message="element click intercepted: Element &amp;lt;button type=&amp;quot;button&amp;quot; class=&amp;quot;next&amp;quot; id=&amp;quot;next2&amp;quot;&amp;gt;...&amp;lt;/button&amp;gt; is not clickable at point (802, 543). Other element would receive the click: &amp;lt;a class=&amp;quot;ui-state-default&amp;quot; href=&amp;quot;#&amp;quot; aria-current=&amp;quot;false&amp;quot; data-date=&amp;quot;...&amp;quot;&amp;gt;22&amp;lt;/a&amp;gt;
  (Session info: chrome=142.0.7444.176)
Build info: version: &amp;apos;4.18.1&amp;apos;, revision: &amp;apos;b1d3319b48&amp;apos;
System info: os.name: &amp;apos;Mac OS X&amp;apos;, os.arch: &amp;apos;aarch64&amp;apos;, os.version: &amp;apos;26.1&amp;apos;, java.version: &amp;apos;25.0.1&amp;apos;
Driver info: org.openqa.selenium.chrome.ChromeDriver
Command: [3af89aed07b0e40f5cb067ab874827e3, clickElement {id=f.4613B13CEF4B38840B2701A35B50481D.d.8B81BE098472ED2FA0ABEE16D31EF020.e.32}]
Capabilities {acceptInsecureCerts: false, browserName: chrome, browserVersion: 142.0.7444.176, chrome: {chromedriverVersion: 142.0.7444.175 (302067f14a4..., userDataDir: /var/folders/_t/4pp8lvfx0ln...}, fedcm:accounts: true, goog:chromeOptions: {debuggerAddress: localhost:57141}, goog:processID: 32059, networkConnectionEnabled: false, pageLoadStrategy: normal, platformName: mac, proxy: Proxy(), se:cdp: ws://localhost:57141/devtoo..., se:cdpVersion: 142.0.7444.176, setWindowRect: true, strictFileInteractability: false, timeouts: {implicit: 0, pageLoad: 300000, script: 30000}, unhandledPromptBehavior: dismiss and notify, webauthn:extension:credBlob: true, webauthn:extension:largeBlob: true, webauthn:extension:minPinLength: true, webauthn:extension:prf: true, webauthn:virtualAuthenticators: true}
Element: [[ChromeDriver: chrome on mac (3af89aed07b0e40f5cb067ab874827e3)] -&amp;gt; id: next2]
Session ID: 3af89aed07b0e40f5cb067ab874827e3">
      <![CDATA[org.openqa.selenium.ElementClickInterceptedException: element click intercepted: Element <button type="button" class="next" id="next2">...</button> is not clickable at point (802, 543). Other element would receive the click: <a class="ui-state-default" href="#" aria-current="false" data-date="...">22</a>
  (Session info: chrome=142.0.7444.176)
Build info: version: '4.18.1', revision: 'b1d3319b48'
System info: os.name: 'Mac OS X', os.arch: 'aarch64', os.version: '26.1', java.version: '25.0.1'
Driver info: org.openqa.selenium.chrome.ChromeDriver
Command: [3af89aed07b0e40f5cb067ab874827e3, clickElement {id=f.4613B13CEF4B38840B2701A35B50481D.d.8B81BE098472ED2FA0ABEE16D31EF020.e.32}]
Capabilities {acceptInsecureCerts: false, browserName: chrome, browserVersion: 142.0.7444.176, chrome: {chromedriverVersion: 142.0.7444.175 (302067f14a4..., userDataDir: /var/folders/_t/4pp8lvfx0ln...}, fedcm:accounts: true, goog:chromeOptions: {debuggerAddress: localhost:57141}, goog:processID: 32059, networkConnectionEnabled: false, pageLoadStrategy: normal, platformName: mac, proxy: Proxy(), se:cdp: ws://localhost:57141/devtoo..., se:cdpVersion: 142.0.7444.176, setWindowRect: true, strictFileInteractability: false, timeouts: {implicit: 0, pageLoad: 300000, script: 30000}, unhandledPromptBehavior: dismiss and notify, webauthn:extension:credBlob: true, webauthn:extension:largeBlob: true, webauthn:extension:minPinLength: true, webauthn:extension:prf: true, webauthn:virtualAuthenticators: true}
Element: [[ChromeDriver: chrome on mac (3af89aed07b0e40f5cb067ab874827e3)] -> id: next2]
Session ID: 3af89aed07b0e40f5cb067ab874827e3
at org.openqa.selenium.remote.ErrorCodec.decode(ErrorCodec.java:167)
at org.openqa.selenium.remote.codec.w3c.W3CHttpResponseCodec.decode(W3CHttpResponseCodec.java:138)
at org.openqa.selenium.remote.codec.w3c.W3CHttpResponseCodec.decode(W3CHttpResponseCodec.java:50)
at org.openqa.selenium.remote.HttpCommandExecutor.execute(HttpCommandExecutor.java:190)
at org.openqa.selenium.remote.service.DriverCommandExecutor.invokeExecute(DriverCommandExecutor.java:216)
at org.openqa.selenium.remote.service.DriverCommandExecutor.execute(DriverCommandExecutor.java:174)
at org.openqa.selenium.remote.RemoteWebDriver.execute(RemoteWebDriver.java:519)
at org.openqa.selenium.remote.RemoteWebElement.execute(RemoteWebElement.java:223)
at org.openqa.selenium.remote.RemoteWebElement.click(RemoteWebElement.java:76)
at org.openqa.selenium.support.pagefactory.internal.LocatingElementHandler.invoke(LocatingElementHandler.java:51)
at jdk.proxy2/jdk.proxy2.$Proxy9.click(Unknown Source)
at com.cartify.pages.BasePage.click(BasePage.java:19)
at com.cartify.pages.RegisterPage.clickNext(RegisterPage.java:108)
at com.cartify.tests.ProfileTest.setUpPage(ProfileTest.java:27)
at java.base/java.util.ArrayList.forEach(ArrayList.java:1604)
... Removed 38 stack frames]]>
    </failure>
  </testcase> <!-- @BeforeMethod setUpPage -->
  <testcase classname="com.cartify.tests.BaseTest" name="@AfterMethod tearDown" time="0.0">
    <skipped/>
  </testcase> <!-- @AfterMethod tearDown -->
  <testcase classname="com.cartify.tests.BaseTest" name="@BeforeMethod setUp" time="0.0">
    <skipped/>
  </testcase> <!-- @BeforeMethod setUp -->
  <testcase classname="com.cartify.tests.ProfileTest" name="@BeforeMethod setUpPage" time="0.0">
    <skipped/>
  </testcase> <!-- @BeforeMethod setUpPage -->
  <testcase classname="com.cartify.tests.BaseTest" name="@AfterMethod tearDown" time="0.0">
    <skipped/>
  </testcase> <!-- @AfterMethod tearDown -->
  <testcase classname="com.cartify.tests.RegisterTest" name="testAddressSubmission" time="2.26">
    <failure type="org.openqa.selenium.ElementClickInterceptedException" message="element click intercepted: Element &amp;lt;label for=&amp;quot;femalegen&amp;quot;&amp;gt;...&amp;lt;/label&amp;gt; is not clickable at point (772, 464). Other element would receive the click: &amp;lt;a class=&amp;quot;ui-state-default ui-state-active ui-state-hover&amp;quot; href=&amp;quot;#&amp;quot; aria-current=&amp;quot;true&amp;quot; data-date=&amp;quot;...&amp;quot;&amp;gt;2&amp;lt;/a&amp;gt;
  (Session info: chrome=142.0.7444.176)
Build info: version: &amp;apos;4.18.1&amp;apos;, revision: &amp;apos;b1d3319b48&amp;apos;
System info: os.name: &amp;apos;Mac OS X&amp;apos;, os.arch: &amp;apos;aarch64&amp;apos;, os.version: &amp;apos;26.1&amp;apos;, java.version: &amp;apos;25.0.1&amp;apos;
Driver info: org.openqa.selenium.chrome.ChromeDriver
Command: [68f97e10e39ae03e898c4073bb401b3a, clickElement {id=f.AD7AFE29AED4237C4DAC87837F344F75.d.923552D6FF189F44242435B77F8FB6D9.e.53}]
Capabilities {acceptInsecureCerts: false, browserName: chrome, browserVersion: 142.0.7444.176, chrome: {chromedriverVersion: 142.0.7444.175 (302067f14a4..., userDataDir: /var/folders/_t/4pp8lvfx0ln...}, fedcm:accounts: true, goog:chromeOptions: {debuggerAddress: localhost:56998}, goog:processID: 31932, networkConnectionEnabled: false, pageLoadStrategy: normal, platformName: mac, proxy: Proxy(), se:cdp: ws://localhost:56998/devtoo..., se:cdpVersion: 142.0.7444.176, setWindowRect: true, strictFileInteractability: false, timeouts: {implicit: 0, pageLoad: 300000, script: 30000}, unhandledPromptBehavior: dismiss and notify, webauthn:extension:credBlob: true, webauthn:extension:largeBlob: true, webauthn:extension:minPinLength: true, webauthn:extension:prf: true, webauthn:virtualAuthenticators: true}
Element: [[ChromeDriver: chrome on mac (68f97e10e39ae03e898c4073bb401b3a)] -&amp;gt; css selector: label[for=&amp;apos;femalegen&amp;apos;]]
Session ID: 68f97e10e39ae03e898c4073bb401b3a">
      <![CDATA[org.openqa.selenium.ElementClickInterceptedException: element click intercepted: Element <label for="femalegen">...</label> is not clickable at point (772, 464). Other element would receive the click: <a class="ui-state-default ui-state-active ui-state-hover" href="#" aria-current="true" data-date="...">2</a>
  (Session info: chrome=142.0.7444.176)
Build info: version: '4.18.1', revision: 'b1d3319b48'
System info: os.name: 'Mac OS X', os.arch: 'aarch64', os.version: '26.1', java.version: '25.0.1'
Driver info: org.openqa.selenium.chrome.ChromeDriver
Command: [68f97e10e39ae03e898c4073bb401b3a, clickElement {id=f.AD7AFE29AED4237C4DAC87837F344F75.d.923552D6FF189F44242435B77F8FB6D9.e.53}]
Capabilities {acceptInsecureCerts: false, browserName: chrome, browserVersion: 142.0.7444.176, chrome: {chromedriverVersion: 142.0.7444.175 (302067f14a4..., userDataDir: /var/folders/_t/4pp8lvfx0ln...}, fedcm:accounts: true, goog:chromeOptions: {debuggerAddress: localhost:56998}, goog:processID: 31932, networkConnectionEnabled: false, pageLoadStrategy: normal, platformName: mac, proxy: Proxy(), se:cdp: ws://localhost:56998/devtoo..., se:cdpVersion: 142.0.7444.176, setWindowRect: true, strictFileInteractability: false, timeouts: {implicit: 0, pageLoad: 300000, script: 30000}, unhandledPromptBehavior: dismiss and notify, webauthn:extension:credBlob: true, webauthn:extension:largeBlob: true, webauthn:extension:minPinLength: true, webauthn:extension:prf: true, webauthn:virtualAuthenticators: true}
Element: [[ChromeDriver: chrome on mac (68f97e10e39ae03e898c4073bb401b3a)] -> css selector: label[for='femalegen']]
Session ID: 68f97e10e39ae03e898c4073bb401b3a
at org.openqa.selenium.remote.ErrorCodec.decode(ErrorCodec.java:167)
at org.openqa.selenium.remote.codec.w3c.W3CHttpResponseCodec.decode(W3CHttpResponseCodec.java:138)
at org.openqa.selenium.remote.codec.w3c.W3CHttpResponseCodec.decode(W3CHttpResponseCodec.java:50)
at org.openqa.selenium.remote.HttpCommandExecutor.execute(HttpCommandExecutor.java:190)
at org.openqa.selenium.remote.service.DriverCommandExecutor.invokeExecute(DriverCommandExecutor.java:216)
at org.openqa.selenium.remote.service.DriverCommandExecutor.execute(DriverCommandExecutor.java:174)
at org.openqa.selenium.remote.RemoteWebDriver.execute(RemoteWebDriver.java:519)
at org.openqa.selenium.remote.RemoteWebElement.execute(RemoteWebElement.java:223)
at org.openqa.selenium.remote.RemoteWebElement.click(RemoteWebElement.java:76)
at org.openqa.selenium.support.pagefactory.internal.LocatingElementHandler.invoke(LocatingElementHandler.java:51)
at jdk.proxy2/jdk.proxy2.$Proxy9.click(Unknown Source)
at com.cartify.pages.BasePage.click(BasePage.java:19)
at com.cartify.pages.RegisterPage.selectGender(RegisterPage.java:98)
at com.cartify.tests.RegisterTest.testAddressSubmission(RegisterTest.java:50)
at java.base/java.util.ArrayList.forEach(ArrayList.java:1604)
... Removed 34 stack frames]]>
    </failure>
  </testcase> <!-- testAddressSubmission -->
  <testcase classname="com.cartify.tests.RegisterTest" name="testPasswordMinLength" time="1.055"/>
  <testcase classname="com.cartify.tests.RegisterTest" name="testValidRegistration" time="1.559">
    <failure type="org.openqa.selenium.ElementClickInterceptedException" message="element click intercepted: Element &amp;lt;label for=&amp;quot;malegen&amp;quot;&amp;gt;...&amp;lt;/label&amp;gt; is not clickable at point (667, 464). Other element would receive the click: &amp;lt;table class=&amp;quot;ui-datepicker-calendar&amp;quot;&amp;gt;...&amp;lt;/table&amp;gt;
  (Session info: chrome=142.0.7444.176)
Build info: version: &amp;apos;4.18.1&amp;apos;, revision: &amp;apos;b1d3319b48&amp;apos;
System info: os.name: &amp;apos;Mac OS X&amp;apos;, os.arch: &amp;apos;aarch64&amp;apos;, os.version: &amp;apos;26.1&amp;apos;, java.version: &amp;apos;25.0.1&amp;apos;
Driver info: org.openqa.selenium.chrome.ChromeDriver
Command: [a14285ed5ea8bbf14e483fb5a62c1de3, clickElement {id=f.9B4673D1FFD86220E0A54B636CCB1AC9.d.A00E09A81D4D183CF4A6AF0B28583482.e.53}]
Capabilities {acceptInsecureCerts: false, browserName: chrome, browserVersion: 142.0.7444.176, chrome: {chromedriverVersion: 142.0.7444.175 (302067f14a4..., userDataDir: /var/folders/_t/4pp8lvfx0ln...}, fedcm:accounts: true, goog:chromeOptions: {debuggerAddress: localhost:57048}, goog:processID: 31983, networkConnectionEnabled: false, pageLoadStrategy: normal, platformName: mac, proxy: Proxy(), se:cdp: ws://localhost:57048/devtoo..., se:cdpVersion: 142.0.7444.176, setWindowRect: true, strictFileInteractability: false, timeouts: {implicit: 0, pageLoad: 300000, script: 30000}, unhandledPromptBehavior: dismiss and notify, webauthn:extension:credBlob: true, webauthn:extension:largeBlob: true, webauthn:extension:minPinLength: true, webauthn:extension:prf: true, webauthn:virtualAuthenticators: true}
Element: [[ChromeDriver: chrome on mac (a14285ed5ea8bbf14e483fb5a62c1de3)] -&amp;gt; css selector: label[for=&amp;apos;malegen&amp;apos;]]
Session ID: a14285ed5ea8bbf14e483fb5a62c1de3">
      <![CDATA[org.openqa.selenium.ElementClickInterceptedException: element click intercepted: Element <label for="malegen">...</label> is not clickable at point (667, 464). Other element would receive the click: <table class="ui-datepicker-calendar">...</table>
  (Session info: chrome=142.0.7444.176)
Build info: version: '4.18.1', revision: 'b1d3319b48'
System info: os.name: 'Mac OS X', os.arch: 'aarch64', os.version: '26.1', java.version: '25.0.1'
Driver info: org.openqa.selenium.chrome.ChromeDriver
Command: [a14285ed5ea8bbf14e483fb5a62c1de3, clickElement {id=f.9B4673D1FFD86220E0A54B636CCB1AC9.d.A00E09A81D4D183CF4A6AF0B28583482.e.53}]
Capabilities {acceptInsecureCerts: false, browserName: chrome, browserVersion: 142.0.7444.176, chrome: {chromedriverVersion: 142.0.7444.175 (302067f14a4..., userDataDir: /var/folders/_t/4pp8lvfx0ln...}, fedcm:accounts: true, goog:chromeOptions: {debuggerAddress: localhost:57048}, goog:processID: 31983, networkConnectionEnabled: false, pageLoadStrategy: normal, platformName: mac, proxy: Proxy(), se:cdp: ws://localhost:57048/devtoo..., se:cdpVersion: 142.0.7444.176, setWindowRect: true, strictFileInteractability: false, timeouts: {implicit: 0, pageLoad: 300000, script: 30000}, unhandledPromptBehavior: dismiss and notify, webauthn:extension:credBlob: true, webauthn:extension:largeBlob: true, webauthn:extension:minPinLength: true, webauthn:extension:prf: true, webauthn:virtualAuthenticators: true}
Element: [[ChromeDriver: chrome on mac (a14285ed5ea8bbf14e483fb5a62c1de3)] -> css selector: label[for='malegen']]
Session ID: a14285ed5ea8bbf14e483fb5a62c1de3
at org.openqa.selenium.remote.ErrorCodec.decode(ErrorCodec.java:167)
at org.openqa.selenium.remote.codec.w3c.W3CHttpResponseCodec.decode(W3CHttpResponseCodec.java:138)
at org.openqa.selenium.remote.codec.w3c.W3CHttpResponseCodec.decode(W3CHttpResponseCodec.java:50)
at org.openqa.selenium.remote.HttpCommandExecutor.execute(HttpCommandExecutor.java:190)
at org.openqa.selenium.remote.service.DriverCommandExecutor.invokeExecute(DriverCommandExecutor.java:216)
at org.openqa.selenium.remote.service.DriverCommandExecutor.execute(DriverCommandExecutor.java:174)
at org.openqa.selenium.remote.RemoteWebDriver.execute(RemoteWebDriver.java:519)
at org.openqa.selenium.remote.RemoteWebElement.execute(RemoteWebElement.java:223)
at org.openqa.selenium.remote.RemoteWebElement.click(RemoteWebElement.java:76)
at org.openqa.selenium.support.pagefactory.internal.LocatingElementHandler.invoke(LocatingElementHandler.java:51)
at jdk.proxy2/jdk.proxy2.$Proxy9.click(Unknown Source)
at com.cartify.pages.BasePage.click(BasePage.java:19)
at com.cartify.pages.RegisterPage.selectGender(RegisterPage.java:96)
at com.cartify.tests.RegisterTest.testValidRegistration(RegisterTest.java:30)
at java.base/java.util.ArrayList.forEach(ArrayList.java:1604)
... Removed 34 stack frames]]>
    </failure>
  </testcase> <!-- testValidRegistration -->
  <testcase classname="com.cartify.tests.LoginTest" name="testIncorrectPassword" time="0.473"/>
  <testcase classname="com.cartify.tests.LoginTest" name="testNonExistentUser" time="0.463"/>
  <testcase classname="com.cartify.tests.LoginTest" name="testPasswordCaseSensitivity" time="1.396"/>
  <testcase classname="com.cartify.tests.ProfileTest" name="testProfilePersistence" time="0.0">
    <skipped/>
  </testcase> <!-- testProfilePersistence -->
  <testcase classname="com.cartify.tests.ProfileTest" name="testProfileUpdate" time="0.0">
    <skipped/>
  </testcase> <!-- testProfileUpdate -->
  <testcase classname="com.cartify.tests.ProductTest" name="testEmptyState" time="10.019"/>
  <testcase classname="com.cartify.tests.ProductTest" name="testLoadProductsPage" time="0.004"/>
  <testcase classname="com.cartify.tests.ProductTest" name="testSearchFunctionality" time="0.112"/>
  <testcase classname="com.cartify.tests.ProductTest" name="testSortByPrice" time="1.447"/>
  <testcase classname="com.cartify.tests.CartTest" name="testCartPageLoads" time="0.008"/>
  <testcase classname="com.cartify.tests.CartTest" name="testEmptyCartMessage" time="0.025"/>
  <testcase classname="com.cartify.tests.CartTest" name="testStartShoppingRedirect" time="0.31">
    <failure type="java.lang.AssertionError" message="Should redirect to products page (Failure indicates known bug: redirects to home) expected [true] but found [false]">
      <![CDATA[java.lang.AssertionError: Should redirect to products page (Failure indicates known bug: redirects to home) expected [true] but found [false]
at com.cartify.tests.CartTest.testStartShoppingRedirect(CartTest.java:42)
at java.base/java.util.ArrayList.forEach(ArrayList.java:1604)
... Removed 32 stack frames]]>
    </failure>
  </testcase> <!-- testStartShoppingRedirect -->
</testsuite> <!-- All Tests -->
