<?xml version="1.0" encoding="UTF-8"?>
<testng-results ignored="0" total="1" passed="1" failed="0" skipped="0">
  <reporter-output>
  </reporter-output>
  <suite started-at="2025-11-28T20:38:21 EET" name="Surefire suite" finished-at="2025-11-28T20:39:36 EET" duration-ms="74680">
    <groups>
    </groups>
    <test started-at="2025-11-28T20:38:21 EET" name="Surefire test" finished-at="2025-11-28T20:39:36 EET" duration-ms="74680">
      <class name="com.cartify.tests.EndToEndFlowTest">
        <test-method is-config="true" signature="setUp()[pri:0, instance:com.cartify.tests.EndToEndFlowTest@709ba3fb]" started-at="2025-11-28T20:38:21 EET" name="setUp" finished-at="2025-11-28T20:38:30 EET" duration-ms="8436" status="PASS">
          <reporter-output>
          </reporter-output>
        </test-method> <!-- setUp -->
        <test-method signature="testEndToEndFlow()[pri:0, instance:com.cartify.tests.EndToEndFlowTest@709ba3fb]" started-at="2025-11-28T20:38:30 EET" name="testEndToEndFlow" description="E2E: Registration -&gt; Account Verification -&gt; Wishlist Interaction" finished-at="2025-11-28T20:39:36 EET" duration-ms="66085" status="PASS">
          <reporter-output>
          </reporter-output>
        </test-method> <!-- testEndToEndFlow -->
        <test-method is-config="true" signature="tearDown()[pri:0, instance:com.cartify.tests.EndToEndFlowTest@709ba3fb]" started-at="2025-11-28T20:39:36 EET" name="tearDown" finished-at="2025-11-28T20:39:36 EET" duration-ms="148" status="PASS">
          <reporter-output>
          </reporter-output>
        </test-method> <!-- tearDown -->
      </class> <!-- com.cartify.tests.EndToEndFlowTest -->
    </test> <!-- Surefire test -->
  </suite> <!-- Surefire suite -->
</testng-results>
