<?xml version="1.0" encoding="UTF-8"?>
<!-- Generated by org.testng.reporters.JUnitReportReporter -->
<testsuite hostname="Abdallahs-MacBook-Air.local" failures="0" tests="4" name="com.cartify.tests.ProductTest" time="31.045" errors="0" timestamp="2025-11-22T02:52:12 EET" skipped="0">
  <testcase classname="com.cartify.tests.ProductTest" name="testSortByPrice" time="5.963"/>
  <testcase classname="com.cartify.tests.ProductTest" name="testEmptyState" time="14.659"/>
  <testcase classname="com.cartify.tests.ProductTest" name="testSearchFunctionality" time="5.366"/>
  <testcase classname="com.cartify.tests.ProductTest" name="testLoadProductsPage" time="5.057"/>
</testsuite> <!-- com.cartify.tests.ProductTest -->
