<?xml version="1.0" encoding="UTF-8"?>
<!-- Generated by org.testng.reporters.JUnitReportReporter -->
<testsuite hostname="Abdallah" failures="0" tests="3" name="com.cartify.tests.LoginTest" time="15.683" errors="0" timestamp="2025-11-21T22:18:28 EET" skipped="0">
  <testcase classname="com.cartify.tests.LoginTest" name="testNonExistentUser" time="4.648"/>
  <testcase classname="com.cartify.tests.LoginTest" name="testIncorrectPassword" time="6.821"/>
  <testcase classname="com.cartify.tests.LoginTest" name="testPasswordCaseSensitivity" time="4.214"/>
</testsuite> <!-- com.cartify.tests.LoginTest -->
