<?xml version="1.0" encoding="UTF-8"?>
<!-- Generated by org.testng.reporters.JUnitReportReporter -->
<testsuite hostname="Abdallahs-MacBook-Air.local" failures="0" tests="3" name="com.cartify.tests.LoginTest" time="14.898" errors="0" timestamp="2025-11-22T02:52:12 EET" skipped="0">
  <testcase classname="com.cartify.tests.LoginTest" name="testIncorrectPassword" time="6.366"/>
  <testcase classname="com.cartify.tests.LoginTest" name="testNonExistentUser" time="2.925"/>
  <testcase classname="com.cartify.tests.LoginTest" name="testPasswordCaseSensitivity" time="5.607"/>
</testsuite> <!-- com.cartify.tests.LoginTest -->
