<?xml version="1.0" encoding="UTF-8"?>
<!-- Generated by org.testng.reporters.JUnitReportReporter -->
<testsuite hostname="Abdallah" failures="0" tests="3" name="com.cartify.tests.CartTest" time="13.227" errors="0" timestamp="2025-11-21T22:18:28 EET" skipped="0">
  <testcase classname="com.cartify.tests.CartTest" name="testEmptyCartMessage" time="3.936"/>
  <testcase classname="com.cartify.tests.CartTest" name="testCartPageLoads" time="4.008"/>
  <testcase classname="com.cartify.tests.CartTest" name="testStartShoppingRedirect" time="5.283"/>
</testsuite> <!-- com.cartify.tests.CartTest -->
