<?xml version="1.0" encoding="UTF-8"?>
<!-- Generated by org.testng.reporters.JUnitReportReporter -->
<testsuite hostname="Abdallah" failures="0" tests="4" name="com.cartify.tests.ProductTest" time="26.906" errors="0" timestamp="2025-11-21T22:18:28 EET" skipped="0">
  <testcase classname="com.cartify.tests.ProductTest" name="testEmptyState" time="14.956"/>
  <testcase classname="com.cartify.tests.ProductTest" name="testSortByPrice" time="3.683"/>
  <testcase classname="com.cartify.tests.ProductTest" name="testLoadProductsPage" time="3.490"/>
  <testcase classname="com.cartify.tests.ProductTest" name="testSearchFunctionality" time="4.777"/>
</testsuite> <!-- com.cartify.tests.ProductTest -->
