<?xml version="1.0" encoding="UTF-8"?>
<!-- Generated by org.testng.reporters.JUnitXMLReporter -->
<testsuite ignored="0" hostname="Abdallahs-MacBook-Air.local" failures="6" tests="7" name="Cart Page Tests" time="70.398" errors="0" timestamp="2025-11-30T22:56:13 EET">
  <testcase classname="com.company.cartify.tests.CartPageTest" name="testCartPageLoadsSuccessfully" time="0.494">
    <failure type="java.lang.AssertionError" message="Cart container should be displayed expected [true] but found [false]">
      <![CDATA[java.lang.AssertionError: Cart container should be displayed expected [true] but found [false]
at com.company.cartify.tests.CartPageTest.testCartPageLoadsSuccessfully(CartPageTest.java:41)
at java.base/java.util.ArrayList.forEach(ArrayList.java:1604)
... Removed 32 stack frames]]>
    </failure>
  </testcase> <!-- testCartPageLoadsSuccessfully -->
  <testcase classname="com.company.cartify.tests.CartPageTest" name="testEmptyCartDisplaysMessage" time="5.035">
    <failure type="java.lang.AssertionError" message="Cart should be empty expected [true] but found [false]">
      <![CDATA[java.lang.AssertionError: Cart should be empty expected [true] but found [false]
at com.company.cartify.tests.CartPageTest.testEmptyCartDisplaysMessage(CartPageTest.java:76)
at java.base/java.util.ArrayList.forEach(ArrayList.java:1604)
... Removed 32 stack frames]]>
    </failure>
  </testcase> <!-- testEmptyCartDisplaysMessage -->
  <testcase classname="com.company.cartify.tests.CartPageTest" name="testStartShoppingRedirectsToProducts" time="5.018">
    <failure type="java.lang.AssertionError" message="Cart must be empty for this test expected [true] but found [false]">
      <![CDATA[java.lang.AssertionError: Cart must be empty for this test expected [true] but found [false]
at com.company.cartify.tests.CartPageTest.testStartShoppingRedirectsToProducts(CartPageTest.java:99)
at java.base/java.util.ArrayList.forEach(ArrayList.java:1604)
... Removed 32 stack frames]]>
    </failure>
  </testcase> <!-- testStartShoppingRedirectsToProducts -->
  <testcase classname="com.company.cartify.tests.CartPageTest" name="testUnableToAddProductToCart" time="5.04">
    <failure type="java.lang.AssertionError" message="Products page should load expected [true] but found [false]">
      <![CDATA[java.lang.AssertionError: Products page should load expected [true] but found [false]
at com.company.cartify.tests.CartPageTest.testUnableToAddProductToCart(CartPageTest.java:128)
at java.base/java.util.ArrayList.forEach(ArrayList.java:1604)
... Removed 32 stack frames]]>
    </failure>
  </testcase> <!-- testUnableToAddProductToCart -->
  <testcase classname="com.company.cartify.tests.CartPageTest" name="testCartShowsCorrectItemCount" time="15.075"/>
  <testcase classname="com.company.cartify.tests.CartPageTest" name="testProceedToCheckoutButton" time="10.515">
    <failure type="java.lang.AssertionError" message="User should be redirected to Checkout Page expected [true] but found [false]">
      <![CDATA[java.lang.AssertionError: User should be redirected to Checkout Page expected [true] but found [false]
at com.company.cartify.tests.CartPageTest.testProceedToCheckoutButton(CartPageTest.java:224)
at java.base/java.util.ArrayList.forEach(ArrayList.java:1604)
... Removed 32 stack frames]]>
    </failure>
  </testcase> <!-- testProceedToCheckoutButton -->
  <testcase classname="com.company.cartify.tests.CartPageTest" name="testContinueShoppingButton" time="20.734">
    <failure type="java.lang.AssertionError" message="User should be redirected to Products Page expected [true] but found [false]">
      <![CDATA[java.lang.AssertionError: User should be redirected to Products Page expected [true] but found [false]
at com.company.cartify.tests.CartPageTest.testContinueShoppingButton(CartPageTest.java:253)
at java.base/java.util.ArrayList.forEach(ArrayList.java:1604)
... Removed 32 stack frames]]>
    </failure>
  </testcase> <!-- testContinueShoppingButton -->
</testsuite> <!-- Cart Page Tests -->
