<?xml version="1.0" encoding="UTF-8"?>
<!-- Generated by org.testng.reporters.JUnitXMLReporter -->
<testsuite ignored="0" hostname="Abdallahs-MacBook-Air.local" failures="1" tests="5" name="Checkout Page Tests" time="28.143" errors="0" timestamp="2025-11-30T22:56:41 EET">
  <testcase classname="com.company.cartify.tests.CheckoutPageTest" name="testCheckoutShowsErrorForEmptyField" time="1.174">
    <failure type="org.openqa.selenium.StaleElementReferenceException" message="stale element reference: stale element not found
  (Session info: chrome=142.0.7444.176)
For documentation on this error, please visit: https://www.selenium.dev/documentation/webdriver/troubleshooting/errors#stale-element-reference-exception
Build info: version: &amp;apos;4.23.0&amp;apos;, revision: &amp;apos;4df0a231af&amp;apos;
System info: os.name: &amp;apos;Mac OS X&amp;apos;, os.arch: &amp;apos;aarch64&amp;apos;, os.version: &amp;apos;26.1&amp;apos;, java.version: &amp;apos;25.0.1&amp;apos;
Driver info: org.openqa.selenium.chrome.ChromeDriver
Command: [1db824dbe4e0b7fbef82a60d81401e16, isElementDisplayed {id=f.16A5A1CDAB09FF2581CCB96479ADB9B1.d.F7C763DE460059B87B4F4DC56C49AADC.e.2}]
Capabilities {acceptInsecureCerts: false, browserName: chrome, browserVersion: 142.0.7444.176, chrome: {chromedriverVersion: 142.0.7444.175 (302067f14a4..., userDataDir: /var/folders/_t/4pp8lvfx0ln...}, fedcm:accounts: true, goog:chromeOptions: {debuggerAddress: localhost:56365}, goog:processID: 46468, networkConnectionEnabled: false, pageLoadStrategy: none, platformName: mac, proxy: Proxy(), se:cdp: ws://localhost:56365/devtoo..., se:cdpVersion: 142.0.7444.176, setWindowRect: true, strictFileInteractability: false, timeouts: {implicit: 0, pageLoad: 300000, script: 30000}, unhandledPromptBehavior: dismiss and notify, webauthn:extension:credBlob: true, webauthn:extension:largeBlob: true, webauthn:extension:minPinLength: true, webauthn:extension:prf: true, webauthn:virtualAuthenticators: true}
Element: [[ChromeDriver: chrome on mac (1db824dbe4e0b7fbef82a60d81401e16)] -&amp;gt; css selector: form#myform]
Session ID: 1db824dbe4e0b7fbef82a60d81401e16">
      <![CDATA[org.openqa.selenium.StaleElementReferenceException: stale element reference: stale element not found
  (Session info: chrome=142.0.7444.176)
For documentation on this error, please visit: https://www.selenium.dev/documentation/webdriver/troubleshooting/errors#stale-element-reference-exception
Build info: version: '4.23.0', revision: '4df0a231af'
System info: os.name: 'Mac OS X', os.arch: 'aarch64', os.version: '26.1', java.version: '25.0.1'
Driver info: org.openqa.selenium.chrome.ChromeDriver
Command: [1db824dbe4e0b7fbef82a60d81401e16, isElementDisplayed {id=f.16A5A1CDAB09FF2581CCB96479ADB9B1.d.F7C763DE460059B87B4F4DC56C49AADC.e.2}]
Capabilities {acceptInsecureCerts: false, browserName: chrome, browserVersion: 142.0.7444.176, chrome: {chromedriverVersion: 142.0.7444.175 (302067f14a4..., userDataDir: /var/folders/_t/4pp8lvfx0ln...}, fedcm:accounts: true, goog:chromeOptions: {debuggerAddress: localhost:56365}, goog:processID: 46468, networkConnectionEnabled: false, pageLoadStrategy: none, platformName: mac, proxy: Proxy(), se:cdp: ws://localhost:56365/devtoo..., se:cdpVersion: 142.0.7444.176, setWindowRect: true, strictFileInteractability: false, timeouts: {implicit: 0, pageLoad: 300000, script: 30000}, unhandledPromptBehavior: dismiss and notify, webauthn:extension:credBlob: true, webauthn:extension:largeBlob: true, webauthn:extension:minPinLength: true, webauthn:extension:prf: true, webauthn:virtualAuthenticators: true}
Element: [[ChromeDriver: chrome on mac (1db824dbe4e0b7fbef82a60d81401e16)] -> css selector: form#myform]
Session ID: 1db824dbe4e0b7fbef82a60d81401e16
at org.openqa.selenium.remote.ErrorCodec.decode(ErrorCodec.java:167)
at org.openqa.selenium.remote.codec.w3c.W3CHttpResponseCodec.decode(W3CHttpResponseCodec.java:138)
at org.openqa.selenium.remote.codec.w3c.W3CHttpResponseCodec.decode(W3CHttpResponseCodec.java:50)
at org.openqa.selenium.remote.HttpCommandExecutor.execute(HttpCommandExecutor.java:190)
at org.openqa.selenium.remote.service.DriverCommandExecutor.invokeExecute(DriverCommandExecutor.java:216)
at org.openqa.selenium.remote.service.DriverCommandExecutor.execute(DriverCommandExecutor.java:174)
at org.openqa.selenium.remote.RemoteWebDriver.execute(RemoteWebDriver.java:527)
at org.openqa.selenium.remote.RemoteWebElement.execute(RemoteWebElement.java:223)
at org.openqa.selenium.remote.RemoteWebElement.isDisplayed(RemoteWebElement.java:282)
at com.company.cartify.tests.cartify.base.BasePage.isElementDisplayed(BasePage.java:204)
at com.company.cartify.tests.cartify.pages.CheckoutPage.isPageLoaded(CheckoutPage.java:57)
at com.company.cartify.tests.cartify.pages.CheckoutPage.isStillOnCheckoutPage(CheckoutPage.java:216)
at com.company.cartify.tests.CheckoutPageTest.testCheckoutShowsErrorForEmptyField(CheckoutPageTest.java:50)
at java.base/java.util.ArrayList.forEach(ArrayList.java:1604)
... Removed 32 stack frames]]>
    </failure>
  </testcase> <!-- testCheckoutShowsErrorForEmptyField -->
  <testcase classname="com.company.cartify.tests.CheckoutPageTest" name="testCheckoutWithCashOnDelivery" time="3.277"/>
  <testcase classname="com.company.cartify.tests.CheckoutPageTest" name="testCheckoutWithCreditCard" time="4.25"/>
  <testcase classname="com.company.cartify.tests.CheckoutPageTest" name="testCheckoutWithPayPal" time="4.127"/>
  <testcase classname="com.company.cartify.tests.CheckoutPageTest" name="testCheckoutLimitationDueToEmptyProducts" time="10.029"/>
</testsuite> <!-- Checkout Page Tests -->
